This is pdfTeX, Version 3.14159265-2.6-1.40.20 (TeX Live 2019/Debian) (preloaded format=pdflatex 2020.9.9)  26 NOV 2020 23:20
entering extended mode
 \write18 enabled.
 %&-line parsing enabled.
**main.tex
(./main.tex
LaTeX2e <2020-02-02> patch level 2
L3 programming layer <2020-02-14>
(/usr/share/texlive/texmf-dist/tex/latex/base/article.cls
Document Class: article 2019/12/20 v1.4l Standard LaTeX document class
(/usr/share/texlive/texmf-dist/tex/latex/base/size12.clo
File: size12.clo 2019/12/20 v1.4l Standard LaTeX file (size option)
)
\c@part=\count167
\c@section=\count168
\c@subsection=\count169
\c@subsubsection=\count170
\c@paragraph=\count171
\c@subparagraph=\count172
\c@figure=\count173
\c@table=\count174
\abovecaptionskip=\skip47
\belowcaptionskip=\skip48
\bibindent=\dimen134
)
(/usr/share/texlive/texmf-dist/tex/latex/base/inputenc.sty
Package: inputenc 2018/08/11 v1.3c Input encoding file
\inpenc@prehook=\toks14
\inpenc@posthook=\toks15
)
(/usr/share/texlive/texmf-dist/tex/latex/titlesec/titlesec.sty
Package: titlesec 2019/10/16 v2.13 Sectioning titles
\ttl@box=\box45
\beforetitleunit=\skip49
\aftertitleunit=\skip50
\ttl@plus=\dimen135
\ttl@minus=\dimen136
\ttl@toksa=\toks16
\titlewidth=\dimen137
\titlewidthlast=\dimen138
\titlewidthfirst=\dimen139
)
(/usr/share/texlive/texmf-dist/tex/latex/minted/minted.sty
Package: minted 2017/07/19 v2.5 Yet another Pygments shim for LaTeX

(/usr/share/texlive/texmf-dist/tex/latex/graphics/keyval.sty
Package: keyval 2014/10/28 v1.15 key=value parser (DPC)
\KV@toks@=\toks17
)
(/usr/share/texlive/texmf-dist/tex/latex/kvoptions/kvoptions.sty
Package: kvoptions 2019/11/29 v3.13 Key value format for package options (HO)

(/usr/share/texlive/texmf-dist/tex/generic/ltxcmds/ltxcmds.sty
Package: ltxcmds 2019/12/15 v1.24 LaTeX kernel commands for general use (HO)
)
(/usr/share/texlive/texmf-dist/tex/generic/kvsetkeys/kvsetkeys.sty
Package: kvsetkeys 2019/12/15 v1.18 Key value parser (HO)
))
(/usr/share/texlive/texmf-dist/tex/latex/fvextra/fvextra.sty
Package: fvextra 2019/02/04 v1.4 fvextra - extensions and patches for fancyvrb

(/usr/share/texlive/texmf-dist/tex/latex/base/ifthen.sty
Package: ifthen 2014/09/29 v1.1c Standard LaTeX ifthen package (DPC)
)
(/usr/share/texlive/texmf-dist/tex/latex/etoolbox/etoolbox.sty
Package: etoolbox 2019/09/21 v2.5h e-TeX tools for LaTeX (JAW)
\etb@tempcnta=\count175
)
(/usr/share/texlive/texmf-dist/tex/latex/fancyvrb/fancyvrb.sty
Package: fancyvrb 2020/01/13 v3.5 verbatim text (tvz,hv)
\FV@CodeLineNo=\count176
\FV@InFile=\read2
\FV@TabBox=\box46
\c@FancyVerbLine=\count177
\FV@StepNumber=\count178
\FV@OutFile=\write3
)
(/usr/share/texlive/texmf-dist/tex/latex/upquote/upquote.sty
Package: upquote 2012/04/19 v1.3 upright-quote and grave-accent glyphs in verba
tim
)
(/usr/share/texlive/texmf-dist/tex/latex/lineno/lineno.sty
Package: lineno 2005/11/02 line numbers on paragraphs v4.41
\linenopenalty=\count179
\output=\toks18
\linenoprevgraf=\count180
\linenumbersep=\dimen140
\linenumberwidth=\dimen141
\c@linenumber=\count181
\c@pagewiselinenumber=\count182
\c@LN@truepage=\count183
\c@internallinenumber=\count184
\c@internallinenumbers=\count185
\quotelinenumbersep=\dimen142
\bframerule=\dimen143
\bframesep=\dimen144
\bframebox=\box47
LaTeX Info: Redefining \\ on input line 3056.
)
\c@FV@TrueTabGroupLevel=\count186
\c@FV@TrueTabCounter=\count187
\FV@TabBox@Group=\box48
\FV@TmpLength=\skip51
\c@FV@HighlightLinesStart=\count188
\c@FV@HighlightLinesStop=\count189
\FV@LoopCount=\count190
\FV@NCharsBox=\box49
\FV@BreakIndent=\dimen145
\FV@BreakIndentNChars=\count191
\FV@BreakSymbolSepLeft=\dimen146
\FV@BreakSymbolSepLeftNChars=\count192
\FV@BreakSymbolSepRight=\dimen147
\FV@BreakSymbolSepRightNChars=\count193
\FV@BreakSymbolIndentLeft=\dimen148
\FV@BreakSymbolIndentLeftNChars=\count194
\FV@BreakSymbolIndentRight=\dimen149
\FV@BreakSymbolIndentRightNChars=\count195
\c@FancyVerbLineBreakLast=\count196
\FV@LineBox=\box50
\FV@LineIndentBox=\box51
\FV@LineWidth=\dimen150
)
(/usr/share/texlive/texmf-dist/tex/latex/tools/calc.sty
Package: calc 2017/05/25 v4.3 Infix arithmetic (KKT,FJ)
\calc@Acount=\count197
\calc@Bcount=\count198
\calc@Adimen=\dimen151
\calc@Bdimen=\dimen152
\calc@Askip=\skip52
\calc@Bskip=\skip53
LaTeX Info: Redefining \setlength on input line 80.
LaTeX Info: Redefining \addtolength on input line 81.
\calc@Ccount=\count199
\calc@Cskip=\skip54
)
(/usr/share/texlive/texmf-dist/tex/latex/tools/shellesc.sty
Package: shellesc 2019/11/08 v1.0c unified shell escape interface for LaTeX
Package shellesc Info: Unrestricted shell escape enabled on input line 75.
)
(/usr/share/texlive/texmf-dist/tex/latex/ifplatform/ifplatform.sty
Package: ifplatform 2017/10/13 v0.4a Testing for the operating system

(/usr/share/texlive/texmf-dist/tex/latex/pdftexcmds/pdftexcmds.sty
Package: pdftexcmds 2019/11/24 v0.31 Utility functions of pdfTeX for LuaTeX (HO
)

(/usr/share/texlive/texmf-dist/tex/generic/infwarerr/infwarerr.sty
Package: infwarerr 2019/12/03 v1.5 Providing info/warning/error messages (HO)
)
(/usr/share/texlive/texmf-dist/tex/generic/iftex/iftex.sty
Package: iftex 2019/11/07 v1.0c TeX engine tests
)
Package pdftexcmds Info: \pdf@primitive is available.
Package pdftexcmds Info: \pdf@ifprimitive is available.
Package pdftexcmds Info: \pdfdraftmode found.
)
(/usr/share/texlive/texmf-dist/tex/generic/catchfile/catchfile.sty
Package: catchfile 2019/12/09 v1.8 Catch the contents of a file (HO)

(/usr/share/texlive/texmf-dist/tex/generic/etexcmds/etexcmds.sty
Package: etexcmds 2019/12/15 v1.7 Avoid name clashes with e-TeX commands (HO)
))
(/usr/share/texlive/texmf-dist/tex/generic/iftex/ifluatex.sty
Package: ifluatex 2019/10/25 v1.5 ifluatex legacy package. Use iftex instead.
)
runsystem(uname -s > "main.w18")...executed.

 (./main.w18)
runsystem(rm -- "main.w18")...executed.

)
(/usr/share/texlive/texmf-dist/tex/generic/xstring/xstring.sty
(/usr/share/texlive/texmf-dist/tex/generic/xstring/xstring.tex
\integerpart=\count266
\decimalpart=\count267
)
Package: xstring 2019/02/06 v1.83 String manipulations (CT)
)
(/usr/share/texlive/texmf-dist/tex/latex/framed/framed.sty
Package: framed 2011/10/22 v 0.96: framed or shaded text with page breaks
\OuterFrameSep=\skip55
\fb@frw=\dimen153
\fb@frh=\dimen154
\FrameRule=\dimen155
\FrameSep=\dimen156
)
(/usr/share/texlive/texmf-dist/tex/latex/float/float.sty
Package: float 2001/11/08 v1.3d Float enhancements (AL)
\c@float@type=\count268
\float@exts=\toks19
\float@box=\box52
\@float@everytoks=\toks20
\@floatcapt=\box53
)
\minted@appexistsfile=\read3
\minted@bgbox=\box54
\minted@code=\write4
\c@minted@FancyVerbLineTemp=\count269
\c@minted@pygmentizecounter=\count270
\@float@every@listing=\toks21
\c@listing=\count271
)
runsystem(mkdir -p _minted-main)...executed.


(/usr/share/texlive/texmf-dist/tex/latex/graphics/graphicx.sty
Package: graphicx 2019/11/30 v1.2a Enhanced LaTeX Graphics (DPC,SPQR)

(/usr/share/texlive/texmf-dist/tex/latex/graphics/graphics.sty
Package: graphics 2019/11/30 v1.4a Standard LaTeX Graphics (DPC,SPQR)

(/usr/share/texlive/texmf-dist/tex/latex/graphics/trig.sty
Package: trig 2016/01/03 v1.10 sin cos tan (DPC)
)
(/usr/share/texlive/texmf-dist/tex/latex/graphics-cfg/graphics.cfg
File: graphics.cfg 2016/06/04 v1.11 sample graphics configuration
)
Package graphics Info: Driver file: pdftex.def on input line 105.

(/usr/share/texlive/texmf-dist/tex/latex/graphics-def/pdftex.def
File: pdftex.def 2018/01/08 v1.0l Graphics/color driver for pdftex
))
\Gin@req@height=\dimen157
\Gin@req@width=\dimen158
)
(/usr/share/texlive/texmf-dist/tex/latex/xcolor/xcolor.sty
Package: xcolor 2016/05/11 v2.12 LaTeX color extensions (UK)

(/usr/share/texlive/texmf-dist/tex/latex/graphics-cfg/color.cfg
File: color.cfg 2016/01/02 v1.6 sample color configuration
)
Package xcolor Info: Driver file: pdftex.def on input line 225.
Package xcolor Info: Model `cmy' substituted by `cmy0' on input line 1348.
Package xcolor Info: Model `hsb' substituted by `rgb' on input line 1352.
Package xcolor Info: Model `RGB' extended on input line 1364.
Package xcolor Info: Model `HTML' substituted by `rgb' on input line 1366.
Package xcolor Info: Model `Hsb' substituted by `hsb' on input line 1367.
Package xcolor Info: Model `tHsb' substituted by `hsb' on input line 1368.
Package xcolor Info: Model `HSB' substituted by `hsb' on input line 1369.
Package xcolor Info: Model `Gray' substituted by `gray' on input line 1370.
Package xcolor Info: Model `wave' substituted by `hsb' on input line 1371.
)
runsystem(which pygmentize && touch main.aex)...executed.

runsystem(rm main.aex)...executed.


(/usr/share/texlive/texmf-dist/tex/latex/l3backend/l3backend-pdfmode.def
File: l3backend-pdfmode.def 2020-02-03 L3 backend support: PDF mode
\l__kernel_color_stack_int=\count272
\l__pdf_internal_box=\box55
)
(./main.aux)
\openout1 = `main.aux'.

LaTeX Font Info:    Checking defaults for OML/cmm/m/it on input line 29.
LaTeX Font Info:    ... okay on input line 29.
LaTeX Font Info:    Checking defaults for OMS/cmsy/m/n on input line 29.
LaTeX Font Info:    ... okay on input line 29.
LaTeX Font Info:    Checking defaults for OT1/cmr/m/n on input line 29.
LaTeX Font Info:    ... okay on input line 29.
LaTeX Font Info:    Checking defaults for T1/cmr/m/n on input line 29.
LaTeX Font Info:    ... okay on input line 29.
LaTeX Font Info:    Checking defaults for TS1/cmr/m/n on input line 29.
LaTeX Font Info:    ... okay on input line 29.
LaTeX Font Info:    Checking defaults for OMX/cmex/m/n on input line 29.
LaTeX Font Info:    ... okay on input line 29.
LaTeX Font Info:    Checking defaults for U/cmr/m/n on input line 29.
LaTeX Font Info:    ... okay on input line 29.
 (/usr/share/texlive/texmf-dist/tex/context/base/mkii/supp-pdf.mkii
[Loading MPS to PDF converter (version 2006.09.02).]
\scratchcounter=\count273
\scratchdimen=\dimen159
\scratchbox=\box56
\nofMPsegments=\count274
\nofMParguments=\count275
\everyMPshowfont=\toks22
\MPscratchCnt=\count276
\MPscratchDim=\dimen160
\MPnumerator=\count277
\makeMPintoPDFobject=\count278
\everyMPtoPDFconversion=\toks23
) (/usr/share/texlive/texmf-dist/tex/latex/epstopdf-pkg/epstopdf-base.sty
Package: epstopdf-base 2020-01-24 v2.11 Base part for package epstopdf
Package epstopdf-base Info: Redefining graphics rule for `.eps' on input line 4
85.

(/usr/share/texlive/texmf-dist/tex/latex/latexconfig/epstopdf-sys.cfg
File: epstopdf-sys.cfg 2010/07/13 v1.3 Configuration of (r)epstopdf for TeX Liv
e
))
LaTeX Font Info:    External font `cmex10' loaded for size
(Font)              <14.4> on input line 30.
LaTeX Font Info:    External font `cmex10' loaded for size
(Font)              <7> on input line 30.

[1

{/var/lib/texmf/fonts/map/pdftex/updmap/pdftex.map}] (./main.toc
LaTeX Font Info:    External font `cmex10' loaded for size
(Font)              <12> on input line 2.
LaTeX Font Info:    External font `cmex10' loaded for size
(Font)              <8> on input line 2.
LaTeX Font Info:    External font `cmex10' loaded for size
(Font)              <6> on input line 2.
)
\tf@toc=\write5
\openout5 = `main.toc'.

 [2

]
Underfull \hbox (badness 10000) in paragraph at lines 47--50

 []

[3

]
Overfull \hbox (266.23001pt too wide) in paragraph at lines 52--53
\OT1/cmr/m/n/12 form: \OT1/cmr/bx/n/12 wget --no-check-certificate --content-di
sposition https://raw.githubusercontent.com/RKKUNDU/info-
 []

[4]
\openout3 = `main.pyg'.

 (./_minted-main/default-pyg-prefix.pygstyle)
(./_minted-main/default.pygstyle)
(./_minted-main/87B75D07F88FA4644A69DBEAC6A40571EA8C2CB621C77F1A35EDA6E761A8835
D.pygtex)
\openout3 = `main.pyg'.


(./_minted-main/68415806677B23B0C3A3F4F57C7149A4EA8C2CB621C77F1A35EDA6E761A8835
D.pygtex [5

])
\openout3 = `main.pyg'.


(./_minted-main/5227AB29555BDA65993B4C9FADBE202BAA15CF4BA75075E8168D3671BF7EB06
4.pygtex)
\openout3 = `main.pyg'.


(./_minted-main/6716F513FDEDDACE983C40C57CA46D4DEA8C2CB621C77F1A35EDA6E761A8835
D.pygtex) [6]
\openout3 = `main.pyg'.


(./_minted-main/841DC649EBA834FA4D96FADB5C8A6515AA15CF4BA75075E8168D3671BF7EB06
4.pygtex)
\openout3 = `main.pyg'.


(./_minted-main/CA571391AED17CA531F10AD9C335C4B7EA8C2CB621C77F1A35EDA6E761A8835
D.pygtex)
\openout3 = `main.pyg'.


(./_minted-main/46E432665EA7901BA52F438F2C218F38AA15CF4BA75075E8168D3671BF7EB06
4.pygtex [7])
\openout3 = `main.pyg'.


(./_minted-main/948939E7C00A7920A64CCA11AA1926C2EA8C2CB621C77F1A35EDA6E761A8835
D.pygtex)
\openout3 = `main.pyg'.


(./_minted-main/4685113AA21BDE248ED7AE7EFDE06D58AA15CF4BA75075E8168D3671BF7EB06
4.pygtex [8])
\openout3 = `main.pyg'.


(./_minted-main/B234041FC9605E1753D3DBB710B3C823EA8C2CB621C77F1A35EDA6E761A8835
D.pygtex)
\openout3 = `main.pyg'.


(./_minted-main/08982759C12F432CCD5B8264A1CDC2B8AA15CF4BA75075E8168D3671BF7EB06
4.pygtex
Underfull \hbox (badness 10000) in paragraph at lines 198--1

 []


Underfull \hbox (badness 10000) in paragraph at lines 198--1

 []

)
\openout3 = `main.pyg'.


(./_minted-main/1233F53177DE461D6B76FAE5D23A8E2BEA8C2CB621C77F1A35EDA6E761A8835
D.pygtex [9])
\openout3 = `main.pyg'.


(./_minted-main/317D18F28E694FED16DEE01C1D277AD0AA15CF4BA75075E8168D3671BF7EB06
4.pygtex)
\openout3 = `main.pyg'.


(./_minted-main/40AAA672E2B83C4A31DC2993CDB80D58EA8C2CB621C77F1A35EDA6E761A8835
D.pygtex [10])
\openout3 = `main.pyg'.


(./_minted-main/64851FF3BE6B5017516372F5184D3998AA15CF4BA75075E8168D3671BF7EB06
4.pygtex) [11]
\openout3 = `main.pyg'.


(./_minted-main/52459145BAAD1A5E50B6CA1126002576EA8C2CB621C77F1A35EDA6E761A8835
D.pygtex)
\openout3 = `main.pyg'.


(./_minted-main/6A19F2B0152DD051E0E475CD6F27DEA3EA8C2CB621C77F1A35EDA6E761A8835
D.pygtex
Underfull \hbox (badness 10000) in paragraph at lines 277--1

 []

[12

])
\openout3 = `main.pyg'.


(./_minted-main/558E8B9AE580D6600D8A437845E79358EA8C2CB621C77F1A35EDA6E761A8835
D.pygtex [13])
\openout3 = `main.pyg'.


(./_minted-main/3EFB25795A849E577D7FDE217AB45E31EA8C2CB621C77F1A35EDA6E761A8835
D.pygtex)
\openout3 = `main.pyg'.


(./_minted-main/400A39EBB90525922D9D39602DB8F813EA8C2CB621C77F1A35EDA6E761A8835
D.pygtex [14])
\openout3 = `main.pyg'.


(./_minted-main/F2C347E561D9B63CF0559BB5D6EEA175EA8C2CB621C77F1A35EDA6E761A8835
D.pygtex
Underfull \hbox (badness 10000) in paragraph at lines 383--1

 []

[15])
\openout3 = `main.pyg'.


(./_minted-main/8AEC6DBEB98A047D55C261832F010648EA8C2CB621C77F1A35EDA6E761A8835
D.pygtex)
\openout3 = `main.pyg'.


(./_minted-main/DCBB115F80408259E0F59FFE50A620C9EA8C2CB621C77F1A35EDA6E761A8835
D.pygtex)
\openout3 = `main.pyg'.


(./_minted-main/97BC77F74B0710B13BBBB09CFB026588EA8C2CB621C77F1A35EDA6E761A8835
D.pygtex [16])
\openout3 = `main.pyg'.


(./_minted-main/DC70076249AC38F8F7542272FE23C9C5EA8C2CB621C77F1A35EDA6E761A8835
D.pygtex) [17]
Underfull \hbox (badness 10000) in paragraph at lines 451--458

 []


Underfull \hbox (badness 10000) in paragraph at lines 451--458

 []

\openout3 = `main.pyg'.


(./_minted-main/0A8E6F61FF09ED88477F506BBB4592BBEA8C2CB621C77F1A35EDA6E761A8835
D.pygtex)
\openout3 = `main.pyg'.


(./_minted-main/120F910A94384EC3CC04173BF52E42A1EA8C2CB621C77F1A35EDA6E761A8835
D.pygtex
Underfull \hbox (badness 10000) in paragraph at lines 472--1

 []


Underfull \hbox (badness 10000) in paragraph at lines 472--1

 []

[18

])
Underfull \hbox (badness 10000) in paragraph at lines 500--504

 []


Underfull \hbox (badness 10000) in paragraph at lines 500--504

 []

\openout3 = `main.pyg'.


(./_minted-main/BB84657BCEFDA44EDFDFF7B3C6B81FF5EA8C2CB621C77F1A35EDA6E761A8835
D.pygtex [19])
Underfull \hbox (badness 10000) in paragraph at lines 521--531

 []


Underfull \hbox (badness 10000) in paragraph at lines 521--531

 []


Underfull \hbox (badness 10000) in paragraph at lines 521--531

 []

[20]
<whatsappbot.png, id=72, 979.66pt x 916.42375pt>
File: whatsappbot.png Graphic file (type png)
<use whatsappbot.png>
Package pdftex.def Info: whatsappbot.png  used on input line 543.
(pdftex.def)             Requested size: 398.32971pt x 284.52191pt.

Underfull \hbox (badness 10000) in paragraph at lines 534--544

 []


Overfull \hbox (8.32971pt too wide) in paragraph at lines 534--544
[] 
 []

[21

 <./whatsappbot.png>] [22

] (./main.aux)
runsystem(rm main.pyg)...executed.

 ) 
Here is how much of TeX's memory you used:
 5789 strings out of 483183
 109726 string characters out of 5966293
 386500 words of memory out of 5000000
 20639 multiletter control sequences out of 15000+600000
 538660 words of font info for 45 fonts, out of 8000000 for 9000
 14 hyphenation exceptions out of 8191
 41i,6n,37p,840b,389s stack positions out of 5000i,500n,10000p,200000b,80000s
 </home/pramod/.texlive2019/texmf-var/fonts/pk/ljfour/jknappen/ec/tcbx1200.60
0pk> </home/pramod/.texlive2019/texmf-var/fonts/pk/ljfour/jknappen/ec/tcrm1200.
600pk></usr/share/texlive/texmf-dist/fonts/type1/public/amsfonts/cm/cmbx12.pfb>
</usr/share/texlive/texmf-dist/fonts/type1/public/amsfonts/cm/cmr12.pfb></usr/s
hare/texlive/texmf-dist/fonts/type1/public/amsfonts/cm/cmr17.pfb></usr/share/te
xlive/texmf-dist/fonts/type1/public/amsfonts/cm/cmtt12.pfb>
Output written on main.pdf (22 pages, 271285 bytes).
PDF statistics:
 104 PDF objects out of 1000 (max. 8388607)
 71 compressed objects within 1 object stream
 0 named destinations out of 1000 (max. 500000)
 6 words of extra memory for PDF output out of 10000 (max. 10000000)

