\BOOKMARK [1][-]{section.1}{Introduction}{}% 1
\BOOKMARK [2][-]{subsection.1.1}{Motivation}{section.1}% 2
\BOOKMARK [2][-]{subsection.1.2}{Installation}{section.1}% 3
\BOOKMARK [1][-]{section.2}{Moodle}{}% 4
\BOOKMARK [2][-]{subsection.2.1}{Quizzes}{section.2}% 5
\BOOKMARK [2][-]{subsection.2.2}{Grades}{section.2}% 6
\BOOKMARK [2][-]{subsection.2.3}{Forums}{section.2}% 7
\BOOKMARK [2][-]{subsection.2.4}{Discussions}{section.2}% 8
\BOOKMARK [2][-]{subsection.2.5}{Courses}{section.2}% 9
\BOOKMARK [2][-]{subsection.2.6}{Announcements}{section.2}% 10
\BOOKMARK [2][-]{subsection.2.7}{Assignments}{section.2}% 11
\BOOKMARK [1][-]{section.3}{CSE}{}% 12
\BOOKMARK [2][-]{subsection.3.1}{Courses}{section.3}% 13
\BOOKMARK [2][-]{subsection.3.2}{Students}{section.3}% 14
\BOOKMARK [2][-]{subsection.3.3}{Faculties}{section.3}% 15
\BOOKMARK [2][-]{subsection.3.4}{News}{section.3}% 16
\BOOKMARK [1][-]{section.4}{Mail}{}% 17
\BOOKMARK [2][-]{subsection.4.1}{Sending mail}{section.4}% 18
\BOOKMARK [2][-]{subsection.4.2}{Searching mail}{section.4}% 19
\BOOKMARK [1][-]{section.5}{Whatsapp Bot}{}% 20
\BOOKMARK [1][-]{section.6}{Future scope}{}% 21
